mode: set
loader/pkg/repository/loader.go:28.86,40.2 2 1
loader/pkg/repository/loader.go:42.50,44.16 2 1
loader/pkg/repository/loader.go:47.2,47.12 1 1
loader/pkg/repository/loader.go:44.16,46.3 1 0
loader/pkg/repository/loader.go:50.64,52.2 1 1
loader/pkg/repository/loader.go:54.78,60.16 5 0
loader/pkg/repository/loader.go:64.2,64.34 1 0
loader/pkg/repository/loader.go:68.2,68.28 1 0
loader/pkg/repository/loader.go:60.16,62.3 1 0
loader/pkg/repository/loader.go:64.34,67.3 2 0
loader/pkg/repository/restore.go:15.63,16.13 1 0
loader/pkg/repository/restore.go:63.2,63.17 1 0
loader/pkg/repository/restore.go:17.13,29.26 2 0
loader/pkg/repository/restore.go:36.3,41.4 1 0
loader/pkg/repository/restore.go:42.14,44.44 2 0
loader/pkg/repository/restore.go:47.3,61.4 1 0
loader/pkg/repository/restore.go:29.26,35.4 1 0
loader/pkg/repository/restore.go:44.44,46.4 1 0
loader/pkg/repository/restore.go:66.86,72.16 4 0
loader/pkg/repository/restore.go:76.2,77.31 2 0
loader/pkg/repository/restore.go:83.2,83.17 1 0
loader/pkg/repository/restore.go:72.16,74.3 1 0
loader/pkg/repository/restore.go:77.31,81.3 3 0
loader/pkg/repository/restore.go:86.66,100.16 4 1
loader/pkg/repository/restore.go:105.2,106.22 2 1
loader/pkg/repository/restore.go:100.16,103.3 2 0
loader/pkg/repository/restore.go:109.57,112.16 3 0
loader/pkg/repository/restore.go:115.2,127.16 5 0
loader/pkg/repository/restore.go:131.2,131.72 1 0
loader/pkg/repository/restore.go:112.16,114.3 1 0
loader/pkg/repository/restore.go:127.16,130.3 2 0
loader/pkg/repository/restore.go:134.65,138.16 4 1
loader/pkg/repository/restore.go:142.2,143.31 2 1
loader/pkg/repository/restore.go:148.2,148.20 1 1
loader/pkg/repository/restore.go:138.16,140.3 1 0
loader/pkg/repository/restore.go:143.31,147.3 3 1
loader/pkg/repository/restore.go:151.62,164.16 4 0
loader/pkg/repository/restore.go:169.2,169.11 1 0
loader/pkg/repository/restore.go:172.2,172.14 1 0
loader/pkg/repository/restore.go:164.16,167.3 2 0
loader/pkg/repository/restore.go:169.11,171.3 1 0
loader/pkg/repository/restore.go:175.58,178.16 3 0
loader/pkg/repository/restore.go:183.2,186.16 3 0
loader/pkg/repository/restore.go:191.2,193.37 3 0
loader/pkg/repository/restore.go:205.2,207.16 3 0
loader/pkg/repository/restore.go:211.2,211.13 1 0
loader/pkg/repository/restore.go:178.16,181.3 2 0
loader/pkg/repository/restore.go:186.16,189.3 2 0
loader/pkg/repository/restore.go:193.37,196.17 3 0
loader/pkg/repository/restore.go:201.3,202.6 2 0
loader/pkg/repository/restore.go:196.17,199.4 2 0
loader/pkg/repository/restore.go:207.16,210.3 2 0
loader/pkg/repository/restore.go:214.45,217.2 2 1
loader/pkg/service/job.go:3.87,4.61 1 1
loader/pkg/service/job.go:8.2,8.10 1 1
loader/pkg/service/job.go:4.61,6.3 1 1
loader/pkg/service/loader.go:18.75,20.2 1 1
loader/pkg/service/loader.go:22.67,26.16 3 0
loader/pkg/service/loader.go:30.2,31.16 2 0
loader/pkg/service/loader.go:36.2,37.16 2 0
loader/pkg/service/loader.go:41.2,46.52 3 0
loader/pkg/service/loader.go:50.2,50.16 1 0
loader/pkg/service/loader.go:55.2,58.75 2 0
loader/pkg/service/loader.go:26.16,28.3 1 0
loader/pkg/service/loader.go:31.16,33.3 1 0
loader/pkg/service/loader.go:37.16,39.3 1 0
loader/pkg/service/loader.go:46.52,48.3 1 0
loader/pkg/service/loader.go:50.16,52.3 1 0
loader/pkg/service/loader.go:61.53,62.6 1 0
loader/pkg/service/loader.go:62.6,63.10 1 0
loader/pkg/service/loader.go:64.24,71.18 3 0
loader/pkg/service/loader.go:74.4,75.13 2 0
loader/pkg/service/loader.go:76.11,77.27 1 0
loader/pkg/service/loader.go:71.18,73.5 1 0
loader/pkg/service/loader.go:82.165,83.6 1 0
loader/pkg/service/loader.go:83.6,85.17 2 0
loader/pkg/service/loader.go:89.3,90.17 2 0
loader/pkg/service/loader.go:94.3,94.10 1 0
loader/pkg/service/loader.go:85.17,87.4 1 0
loader/pkg/service/loader.go:90.17,92.4 1 0
loader/pkg/service/loader.go:95.21,100.10 5 0
loader/pkg/service/loader.go:101.11,107.32 3 0
loader/pkg/service/restore.go:13.135,27.16 6 0
loader/pkg/service/restore.go:31.2,36.28 4 0
loader/pkg/service/restore.go:54.2,55.23 2 0
loader/pkg/service/restore.go:63.2,65.15 2 0
loader/pkg/service/restore.go:27.16,29.3 1 0
loader/pkg/service/restore.go:36.28,39.17 2 0
loader/pkg/service/restore.go:47.3,47.90 1 0
loader/pkg/service/restore.go:50.3,50.35 1 0
loader/pkg/service/restore.go:39.17,45.4 5 0
loader/pkg/service/restore.go:47.90,49.4 1 0
loader/pkg/service/restore.go:55.23,62.3 5 0
loader/pkg/service/restore.go:66.9,75.29 7 0
loader/pkg/service/restore.go:88.3,93.56 5 0
loader/pkg/service/restore.go:94.10,99.61 5 0
loader/pkg/service/restore.go:75.29,76.34 1 0
loader/pkg/service/restore.go:84.4,84.62 1 0
loader/pkg/service/restore.go:76.34,83.5 5 0
loader/pkg/service/restore.go:103.128,108.23 2 0
loader/pkg/service/restore.go:116.2,117.16 2 0
loader/pkg/service/restore.go:122.2,122.9 1 0
loader/pkg/service/restore.go:128.2,128.14 1 0
loader/pkg/service/restore.go:108.23,111.3 2 0
loader/pkg/service/restore.go:111.8,114.3 2 0
loader/pkg/service/restore.go:117.16,120.3 2 0
loader/pkg/service/restore.go:123.35,124.14 1 0
loader/pkg/service/restore.go:125.37,126.68 1 0
loader/pkg/service/restore.go:131.65,133.2 1 1
loader/pkg/service/restore.go:135.67,137.2 1 1
loader/pkg/service/restore.go:139.64,141.2 1 0
loader/pkg/service/restore.go:143.51,145.2 1 0
loader/pkg/service/restore.go:147.37,149.2 1 1
loader/pkg/delivery/exporter.go:8.50,11.2 2 1
loader/pkg/delivery/initial.go:20.101,26.2 1 1
loader/pkg/delivery/initial.go:28.47,30.47 2 1
loader/pkg/delivery/initial.go:33.2,38.57 5 1
loader/pkg/delivery/initial.go:30.47,32.3 1 1
loader/pkg/delivery/initial.go:42.54,43.33 1 1
loader/pkg/delivery/initial.go:52.2,52.14 1 1
loader/pkg/delivery/initial.go:43.33,47.26 3 1
loader/pkg/delivery/initial.go:47.26,50.4 2 1
loader/pkg/delivery/restore.go:24.60,28.22 3 1
loader/pkg/delivery/restore.go:37.2,38.16 2 0
loader/pkg/delivery/restore.go:47.2,48.16 2 0
loader/pkg/delivery/restore.go:57.2,57.29 1 0
loader/pkg/delivery/restore.go:65.2,65.48 1 0
loader/pkg/delivery/restore.go:73.2,73.23 1 0
loader/pkg/delivery/restore.go:82.2,83.16 2 0
loader/pkg/delivery/restore.go:91.2,99.85 4 0
loader/pkg/delivery/restore.go:28.22,35.3 3 1
loader/pkg/delivery/restore.go:38.16,45.3 3 0
loader/pkg/delivery/restore.go:48.16,55.3 3 0
loader/pkg/delivery/restore.go:57.29,63.3 2 0
loader/pkg/delivery/restore.go:65.48,71.3 2 0
loader/pkg/delivery/restore.go:73.23,80.3 3 0
loader/pkg/delivery/restore.go:83.16,89.3 2 0
loader/pkg/delivery/restore.go:112.61,116.22 3 1
loader/pkg/delivery/restore.go:125.2,126.16 2 0
loader/pkg/delivery/restore.go:135.2,136.16 2 0
loader/pkg/delivery/restore.go:145.2,145.29 1 0
loader/pkg/delivery/restore.go:153.2,153.48 1 0
loader/pkg/delivery/restore.go:161.2,161.23 1 0
loader/pkg/delivery/restore.go:170.2,171.16 2 0
loader/pkg/delivery/restore.go:179.2,187.86 4 0
loader/pkg/delivery/restore.go:116.22,123.3 3 1
loader/pkg/delivery/restore.go:126.16,133.3 3 0
loader/pkg/delivery/restore.go:136.16,143.3 3 0
loader/pkg/delivery/restore.go:145.29,151.3 2 0
loader/pkg/delivery/restore.go:153.48,159.3 2 0
loader/pkg/delivery/restore.go:161.23,168.3 3 0
loader/pkg/delivery/restore.go:171.16,177.3 2 0
loader/pkg/delivery/restore.go:199.57,205.16 5 1
loader/pkg/delivery/restore.go:213.2,213.52 1 1
loader/pkg/delivery/restore.go:221.2,222.16 2 1
loader/pkg/delivery/restore.go:230.2,233.4 1 1
loader/pkg/delivery/restore.go:205.16,211.3 2 1
loader/pkg/delivery/restore.go:213.52,219.3 2 1
loader/pkg/delivery/restore.go:222.16,228.3 2 0
loader/pkg/delivery/restore.go:236.40,238.2 1 1
